2023-09-04 14:42:53.033 [info] Log level: Info
2023-09-04 14:42:53.033 [info] Validating found git in: "git"
2023-09-04 14:42:53.033 [info] Using git "2.42.0" from "git"
2023-09-04 14:42:53.033 [info] > git rev-parse --show-toplevel [1ms]
2023-09-04 14:42:53.033 [info] > git rev-parse --git-dir --git-common-dir [2ms]
2023-09-04 14:42:53.033 [info] Open repository: /home/tom/apps/hyprland-dotfiles
2023-09-04 14:42:53.034 [info] > git config --get commit.template [11ms]
2023-09-04 14:42:53.045 [info] > git rev-parse --show-toplevel [1ms]
2023-09-04 14:42:53.046 [info] > git for-each-ref --format=%(refname)%00%(upstream:short)%00%(objectname)%00%(upstream:track)%00%(upstream:remotename)%00%(upstream:remoteref) refs/heads/catppuccin refs/remotes/catppuccin [5ms]
2023-09-04 14:42:53.111 [info] > git status -z -uall [62ms]
2023-09-04 14:42:53.120 [info] > git config --get commit.template [1ms]
2023-09-04 14:42:53.125 [info] > git for-each-ref --format=%(refname)%00%(upstream:short)%00%(objectname)%00%(upstream:track)%00%(upstream:remotename)%00%(upstream:remoteref) refs/heads/catppuccin refs/remotes/catppuccin [2ms]
2023-09-04 14:42:53.157 [info] > git status -z -uall [29ms]
2023-09-04 14:42:53.475 [info] > git show --textconv :todo [4ms]
2023-09-04 14:42:53.479 [info] > git ls-files --stage -- /home/tom/apps/hyprland-dotfiles/todo [4ms]
2023-09-04 14:42:53.540 [info] > git check-ignore -v -z --stdin [5ms]
2023-09-04 14:42:58.915 [info] > git show --textconv :catppuccin/waybar/config [3ms]
2023-09-04 14:42:58.918 [info] > git ls-files --stage -- /home/tom/apps/hyprland-dotfiles/catppuccin/waybar/config [3ms]
2023-09-04 14:42:58.921 [info] > git cat-file -s 3404491d7d8f2b80656635425b923426224c210a [0ms]
2023-09-04 14:42:59.190 [info] > git check-ignore -v -z --stdin [4ms]
