2023-09-04 15:25:07.618 [info] Log level: Info
2023-09-04 15:25:07.618 [info] Validating found git in: "git"
2023-09-04 15:25:07.618 [info] Using git "2.42.0" from "git"
2023-09-04 15:25:07.618 [info] > git rev-parse --show-toplevel [3ms]
2023-09-04 15:25:07.618 [info] > git rev-parse --git-dir --git-common-dir [1ms]
2023-09-04 15:25:07.618 [info] Open repository: /home/tom/apps/hyprland-dotfiles
2023-09-04 15:25:07.632 [info] > git config --get commit.template [9ms]
2023-09-04 15:25:07.632 [info] > git rev-parse --show-toplevel [1ms]
2023-09-04 15:25:07.641 [info] > git for-each-ref --format=%(refname)%00%(upstream:short)%00%(objectname)%00%(upstream:track)%00%(upstream:remotename)%00%(upstream:remoteref) refs/heads/catppuccin refs/remotes/catppuccin [1ms]
2023-09-04 15:25:07.654 [info] > git rev-parse --show-toplevel [2ms]
2023-09-04 15:25:07.681 [info] > git status -z -uall [35ms]
2023-09-04 15:25:07.691 [info] > git config --get commit.template [0ms]
2023-09-04 15:25:07.696 [info] > git for-each-ref --format=%(refname)%00%(upstream:short)%00%(objectname)%00%(upstream:track)%00%(upstream:remotename)%00%(upstream:remoteref) refs/heads/catppuccin refs/remotes/catppuccin [1ms]
2023-09-04 15:25:07.737 [info] > git status -z -uall [38ms]
2023-09-04 15:25:08.131 [info] > git show --textconv :catppuccin/waybar/config [9ms]
2023-09-04 15:25:08.131 [info] > git ls-files --stage -- /home/tom/apps/hyprland-dotfiles/catppuccin/waybar/config [5ms]
2023-09-04 15:25:08.136 [info] > git check-ignore -v -z --stdin [6ms]
2023-09-04 15:25:08.136 [info] > git cat-file -s 3404491d7d8f2b80656635425b923426224c210a [2ms]
2023-09-04 15:25:13.397 [info] > git show --textconv :MY_READEME.md [16ms]
2023-09-04 15:25:13.397 [info] > git ls-files --stage -- /home/tom/apps/hyprland-dotfiles/MY_READEME.md [11ms]
2023-09-04 15:26:52.966 [info] > git config --get commit.template [5ms]
2023-09-04 15:26:52.967 [info] > git for-each-ref --format=%(refname)%00%(upstream:short)%00%(objectname)%00%(upstream:track)%00%(upstream:remotename)%00%(upstream:remoteref) refs/heads/catppuccin refs/remotes/catppuccin [1ms]
2023-09-04 15:26:52.998 [info] > git status -z -uall [29ms]
2023-09-04 15:27:21.461 [info] > git config --get commit.template [3ms]
2023-09-04 15:27:21.461 [info] > git for-each-ref --format=%(refname)%00%(upstream:short)%00%(objectname)%00%(upstream:track)%00%(upstream:remotename)%00%(upstream:remoteref) refs/heads/catppuccin refs/remotes/catppuccin [1ms]
2023-09-04 15:27:21.489 [info] > git status -z -uall [25ms]
2023-09-04 15:29:38.437 [info] > git check-ignore -v -z --stdin [12ms]
2023-09-04 15:29:39.435 [info] > git show --textconv :catppuccin/waybar/style.css [7ms]
2023-09-04 15:29:39.443 [info] > git ls-files --stage -- /home/tom/apps/hyprland-dotfiles/catppuccin/waybar/style.css [11ms]
2023-09-04 15:29:39.450 [info] > git cat-file -s 4f1545ef0867b742a5cebf79718f5bfb9fd40efd [3ms]
2023-09-04 15:31:38.236 [info] > git check-ignore -v -z --stdin [3ms]
